<?xml version="1.0" encoding="UTF-8"?>
<testng-results skipped="0" failed="0" ignored="0" total="1" passed="1">
  <reporter-output>
  </reporter-output>
  <suite name="Default suite" duration-ms="4755" started-at="2024-02-04T20:20:27Z" finished-at="2024-02-04T20:20:32Z">
    <groups>
    </groups>
    <test name="Default test" duration-ms="4755" started-at="2024-02-04T20:20:27Z" finished-at="2024-02-04T20:20:32Z">
      <class name="change_request.GetAllChangeRequests">
        <test-method status="PASS" signature="getAllChangeRequests()[pri:0, instance:change_request.GetAllChangeRequests@5cb137]" name="getAllChangeRequests" duration-ms="4740" started-at="2024-02-04T20:20:28Z" finished-at="2024-02-04T20:20:32Z">
          <reporter-output>
          </reporter-output>
        </test-method> <!-- getAllChangeRequests -->
      </class> <!-- change_request.GetAllChangeRequests -->
    </test> <!-- Default test -->
  </suite> <!-- Default suite -->
</testng-results>
